<html>
<head>
<title>TestNG:  Default test</title>
<link href="../testng.css" rel="stylesheet" type="text/css" />
<link href="../my-testng.css" rel="stylesheet" type="text/css" />

<style type="text/css">
.log { display: none;} 
.stack-trace { display: none;} 
</style>
<script type="text/javascript">
<!--
function flip(e) {
  current = e.style.display;
  if (current == 'block') {
    e.style.display = 'none';
    return 0;
  }
  else {
    e.style.display = 'block';
    return 1;
  }
}

function toggleBox(szDivId, elem, msg1, msg2)
{
  var res = -1;  if (document.getElementById) {
    res = flip(document.getElementById(szDivId));
  }
  else if (document.all) {
    // this is the way old msie versions work
    res = flip(document.all[szDivId]);
  }
  if(elem) {
    if(res == 0) elem.innerHTML = msg1; else elem.innerHTML = msg2;
  }

}

function toggleAllBoxes() {
  if (document.getElementsByTagName) {
    d = document.getElementsByTagName('div');
    for (i = 0; i < d.length; i++) {
      if (d[i].className == 'log') {
        flip(d[i]);
      }
    }
  }
}

// -->
</script>

</head>
<body>
<h2 align='center'>Default test</h2><table border='1' align="center">
<tr>
<td>Tests passed/Failed/Skipped:</td><td>37/2/0</td>
</tr><tr>
<td>Started on:</td><td>Thu Mar 22 14:17:22 GMT+03:00 2018</td>
</tr>
<tr><td>Total time:</td><td>1982 seconds (1982521 ms)</td>
</tr><tr>
<td>Included groups:</td><td></td>
</tr><tr>
<td>Excluded groups:</td><td></td>
</tr>
</table><p/>
<small><i>(Hover the method name to see the test class name)</i></small><p/>
<table width='100%' border='1' class='invocation-failed'>
<tr><td colspan='4' align='center'><b>FAILED TESTS</b></td></tr>
<tr><td><b>Test method</b></td>
<td width="30%"><b>Exception</b></td>
<td width="10%"><b>Time (seconds)</b></td>
<td><b>Instance</b></td>
</tr>
<tr>
<td title='tests.Register.testRegistrationName()'><b>testRegistrationName</b><br>Test class: tests.Register<br>Parameters: 8=8, 20180322141941-2036282231@mail.ru, 111111, 111111, 3</td>
<td><div><pre>org.openqa.selenium.NoSuchElementException: Unable to locate element: Register
For documentation on this error, please visit: http://seleniumhq.org/exceptions/no_such_element.html
Build info: version: &apos;3.7.1&apos;, revision: &apos;8a0099a&apos;, time: &apos;2017-11-06T21:07:31.527Z&apos;
System info: host: &apos;JULIA&apos;, ip: &apos;192.168.0.75&apos;, os.name: &apos;Windows 10&apos;, os.arch: &apos;amd64&apos;, os.version: &apos;10.0&apos;, java.version: &apos;1.8.0_151&apos;
Driver info: org.openqa.selenium.firefox.FirefoxDriver
Capabilities {acceptInsecureCerts: true, browserName: firefox, browserVersion: 54.0, javascriptEnabled: true, moz:accessibilityChecks: false, moz:processID: 6500, moz:profile: C:\Users\idilia\AppData\Loc..., pageLoadStrategy: normal, platform: XP, platformName: XP, platformVersion: 10.0, rotatable: false, specificationLevel: 0, timeouts: {implicit: 0, pageLoad: 300000, script: 30000}}
Session ID: f9174986-8960-4dfb-89e8-ade74e6ece76
*** Element info: {Using=link text, value=Register}
	at sun.reflect.GeneratedConstructorAccessor13.newInstance(Unknown Source)
	at sun.reflect.DelegatingConstructorAccessorImpl.newInstance(Unknown Source)
	at java.lang.reflect.Constructor.newInstance(Unknown Source)
	at org.openqa.selenium.remote.http.W3CHttpResponseCodec.createException(W3CHttpResponseCodec.java:187)
	at org.openqa.selenium.remote.http.W3CHttpResponseCodec.decode(W3CHttpResponseCodec.java:122)
	at org.openqa.selenium.remote.http.W3CHttpResponseCodec.decode(W3CHttpResponseCodec.java:49)
	at org.openqa.selenium.remote.HttpCommandExecutor.execute(HttpCommandExecutor.java:164)
	at org.openqa.selenium.remote.service.DriverCommandExecutor.execute(DriverCommandExecutor.java:83)
	at org.openqa.selenium.remote.RemoteWebDriver.execute(RemoteWebDriver.java:600)
	at org.openqa.selenium.remote.RemoteWebDriver.findElement(RemoteWebDriver.java:370)
	at org.openqa.selenium.remote.RemoteWebDriver.findElementByLinkText(RemoteWebDriver.java:424)
	at org.openqa.selenium.By$ByLinkText.findElement(By.java:246)
	at org.openqa.selenium.remote.RemoteWebDriver.findElement(RemoteWebDriver.java:362)
	at helper.Helper.makeRegister(Helper.java:42)
	at tests.Register.testRegistrationName(Register.java:64)
	at sun.reflect.GeneratedMethodAccessor1.invoke(Unknown Source)
	at sun.reflect.DelegatingMethodAccessorImpl.invoke(Unknown Source)
	at java.lang.reflect.Method.invoke(Unknown Source)
	at org.testng.internal.MethodInvocationHelper.invokeMethod(MethodInvocationHelper.java:124)
	at org.testng.internal.Invoker.invokeMethod(Invoker.java:571)
	at org.testng.internal.Invoker.invokeTestMethod(Invoker.java:707)
	at org.testng.internal.Invoker.invokeTestMethods(Invoker.java:979)
	at org.testng.internal.TestMethodWorker.invokeTestMethods(TestMethodWorker.java:125)
	at org.testng.internal.TestMethodWorker.run(TestMethodWorker.java:109)
	at org.testng.TestRunner.privateRun(TestRunner.java:648)
	at org.testng.TestRunner.run(TestRunner.java:505)
	at org.testng.SuiteRunner.runTest(SuiteRunner.java:455)
	at org.testng.SuiteRunner.runSequentially(SuiteRunner.java:450)
	at org.testng.SuiteRunner.privateRun(SuiteRunner.java:415)
	at org.testng.SuiteRunner.run(SuiteRunner.java:364)
	at org.testng.SuiteRunnerWorker.runSuite(SuiteRunnerWorker.java:52)
	at org.testng.SuiteRunnerWorker.run(SuiteRunnerWorker.java:84)
	at org.testng.TestNG.runSuitesSequentially(TestNG.java:1187)
	at org.testng.TestNG.runSuitesLocally(TestNG.java:1116)
	at org.testng.TestNG.runSuites(TestNG.java:1028)
	at org.testng.TestNG.run(TestNG.java:996)
	at org.testng.remote.AbstractRemoteTestNG.run(AbstractRemoteTestNG.java:114)
	at org.testng.remote.RemoteTestNG.initAndRun(RemoteTestNG.java:251)
	at org.testng.remote.RemoteTestNG.main(RemoteTestNG.java:77)
</pre></div><a href='#' onClick='toggleBox("stack-trace413218476", this, "Click to show all stack frames", "Click to hide stack frames")'>Click to show all stack frames</a>
<div class='stack-trace' id='stack-trace413218476'><pre>org.openqa.selenium.NoSuchElementException: Unable to locate element: Register
For documentation on this error, please visit: http://seleniumhq.org/exceptions/no_such_element.html
Build info: version: &apos;3.7.1&apos;, revision: &apos;8a0099a&apos;, time: &apos;2017-11-06T21:07:31.527Z&apos;
System info: host: &apos;JULIA&apos;, ip: &apos;192.168.0.75&apos;, os.name: &apos;Windows 10&apos;, os.arch: &apos;amd64&apos;, os.version: &apos;10.0&apos;, java.version: &apos;1.8.0_151&apos;
Driver info: org.openqa.selenium.firefox.FirefoxDriver
Capabilities {acceptInsecureCerts: true, browserName: firefox, browserVersion: 54.0, javascriptEnabled: true, moz:accessibilityChecks: false, moz:processID: 6500, moz:profile: C:\Users\idilia\AppData\Loc..., pageLoadStrategy: normal, platform: XP, platformName: XP, platformVersion: 10.0, rotatable: false, specificationLevel: 0, timeouts: {implicit: 0, pageLoad: 300000, script: 30000}}
Session ID: f9174986-8960-4dfb-89e8-ade74e6ece76
*** Element info: {Using=link text, value=Register}
	at sun.reflect.GeneratedConstructorAccessor13.newInstance(Unknown Source)
	at sun.reflect.DelegatingConstructorAccessorImpl.newInstance(Unknown Source)
	at java.lang.reflect.Constructor.newInstance(Unknown Source)
	at org.openqa.selenium.remote.http.W3CHttpResponseCodec.createException(W3CHttpResponseCodec.java:187)
	at org.openqa.selenium.remote.http.W3CHttpResponseCodec.decode(W3CHttpResponseCodec.java:122)
	at org.openqa.selenium.remote.http.W3CHttpResponseCodec.decode(W3CHttpResponseCodec.java:49)
	at org.openqa.selenium.remote.HttpCommandExecutor.execute(HttpCommandExecutor.java:164)
	at org.openqa.selenium.remote.service.DriverCommandExecutor.execute(DriverCommandExecutor.java:83)
	at org.openqa.selenium.remote.RemoteWebDriver.execute(RemoteWebDriver.java:600)
	at org.openqa.selenium.remote.RemoteWebDriver.findElement(RemoteWebDriver.java:370)
	at org.openqa.selenium.remote.RemoteWebDriver.findElementByLinkText(RemoteWebDriver.java:424)
	at org.openqa.selenium.By$ByLinkText.findElement(By.java:246)
	at org.openqa.selenium.remote.RemoteWebDriver.findElement(RemoteWebDriver.java:362)
	at helper.Helper.makeRegister(Helper.java:42)
	at tests.Register.testRegistrationName(Register.java:64)
	at sun.reflect.GeneratedMethodAccessor1.invoke(Unknown Source)
	at sun.reflect.DelegatingMethodAccessorImpl.invoke(Unknown Source)
	at java.lang.reflect.Method.invoke(Unknown Source)
	at org.testng.internal.MethodInvocationHelper.invokeMethod(MethodInvocationHelper.java:124)
	at org.testng.internal.Invoker.invokeMethod(Invoker.java:571)
	at org.testng.internal.Invoker.invokeTestMethod(Invoker.java:707)
	at org.testng.internal.Invoker.invokeTestMethods(Invoker.java:979)
	at org.testng.internal.TestMethodWorker.invokeTestMethods(TestMethodWorker.java:125)
	at org.testng.internal.TestMethodWorker.run(TestMethodWorker.java:109)
	at org.testng.TestRunner.privateRun(TestRunner.java:648)
	at org.testng.TestRunner.run(TestRunner.java:505)
	at org.testng.SuiteRunner.runTest(SuiteRunner.java:455)
	at org.testng.SuiteRunner.runSequentially(SuiteRunner.java:450)
	at org.testng.SuiteRunner.privateRun(SuiteRunner.java:415)
	at org.testng.SuiteRunner.run(SuiteRunner.java:364)
	at org.testng.SuiteRunnerWorker.runSuite(SuiteRunnerWorker.java:52)
	at org.testng.SuiteRunnerWorker.run(SuiteRunnerWorker.java:84)
	at org.testng.TestNG.runSuitesSequentially(TestNG.java:1187)
	at org.testng.TestNG.runSuitesLocally(TestNG.java:1116)
	at org.testng.TestNG.runSuites(TestNG.java:1028)
	at org.testng.TestNG.run(TestNG.java:996)
	at org.testng.remote.AbstractRemoteTestNG.run(AbstractRemoteTestNG.java:114)
	at org.testng.remote.RemoteTestNG.initAndRun(RemoteTestNG.java:251)
	at org.testng.remote.RemoteTestNG.main(RemoteTestNG.java:77)
</pre></div></td>
<td>32</td>
<td>tests.Register@224edc67</td></tr>
<tr>
<td title='tests.Register.testRegistrationName()'><b>testRegistrationName</b><br>Test class: tests.Register<br>Parameters: ‡Æ®‡Æ≤‡Øç‡Æ≤‡Æ§‡ØÅ, 20180322141941-2076751231@mail.ru, 111111, 111111, 3</td>
<td><div><pre>org.openqa.selenium.NoSuchElementException: Unable to locate element: Register
For documentation on this error, please visit: http://seleniumhq.org/exceptions/no_such_element.html
Build info: version: &apos;3.7.1&apos;, revision: &apos;8a0099a&apos;, time: &apos;2017-11-06T21:07:31.527Z&apos;
System info: host: &apos;JULIA&apos;, ip: &apos;192.168.0.75&apos;, os.name: &apos;Windows 10&apos;, os.arch: &apos;amd64&apos;, os.version: &apos;10.0&apos;, java.version: &apos;1.8.0_151&apos;
Driver info: org.openqa.selenium.firefox.FirefoxDriver
Capabilities {acceptInsecureCerts: true, browserName: firefox, browserVersion: 54.0, javascriptEnabled: true, moz:accessibilityChecks: false, moz:processID: 6500, moz:profile: C:\Users\idilia\AppData\Loc..., pageLoadStrategy: normal, platform: XP, platformName: XP, platformVersion: 10.0, rotatable: false, specificationLevel: 0, timeouts: {implicit: 0, pageLoad: 300000, script: 30000}}
Session ID: f9174986-8960-4dfb-89e8-ade74e6ece76
*** Element info: {Using=link text, value=Register}
	at sun.reflect.GeneratedConstructorAccessor13.newInstance(Unknown Source)
	at sun.reflect.DelegatingConstructorAccessorImpl.newInstance(Unknown Source)
	at java.lang.reflect.Constructor.newInstance(Unknown Source)
	at org.openqa.selenium.remote.http.W3CHttpResponseCodec.createException(W3CHttpResponseCodec.java:187)
	at org.openqa.selenium.remote.http.W3CHttpResponseCodec.decode(W3CHttpResponseCodec.java:122)
	at org.openqa.selenium.remote.http.W3CHttpResponseCodec.decode(W3CHttpResponseCodec.java:49)
	at org.openqa.selenium.remote.HttpCommandExecutor.execute(HttpCommandExecutor.java:164)
	at org.openqa.selenium.remote.service.DriverCommandExecutor.execute(DriverCommandExecutor.java:83)
	at org.openqa.selenium.remote.RemoteWebDriver.execute(RemoteWebDriver.java:600)
	at org.openqa.selenium.remote.RemoteWebDriver.findElement(RemoteWebDriver.java:370)
	at org.openqa.selenium.remote.RemoteWebDriver.findElementByLinkText(RemoteWebDriver.java:424)
	at org.openqa.selenium.By$ByLinkText.findElement(By.java:246)
	at org.openqa.selenium.remote.RemoteWebDriver.findElement(RemoteWebDriver.java:362)
	at helper.Helper.makeRegister(Helper.java:42)
	at tests.Register.testRegistrationName(Register.java:64)
	at sun.reflect.GeneratedMethodAccessor1.invoke(Unknown Source)
	at sun.reflect.DelegatingMethodAccessorImpl.invoke(Unknown Source)
	at java.lang.reflect.Method.invoke(Unknown Source)
	at org.testng.internal.MethodInvocationHelper.invokeMethod(MethodInvocationHelper.java:124)
	at org.testng.internal.Invoker.invokeMethod(Invoker.java:571)
	at org.testng.internal.Invoker.invokeTestMethod(Invoker.java:707)
	at org.testng.internal.Invoker.invokeTestMethods(Invoker.java:979)
	at org.testng.internal.TestMethodWorker.invokeTestMethods(TestMethodWorker.java:125)
	at org.testng.internal.TestMethodWorker.run(TestMethodWorker.java:109)
	at org.testng.TestRunner.privateRun(TestRunner.java:648)
	at org.testng.TestRunner.run(TestRunner.java:505)
	at org.testng.SuiteRunner.runTest(SuiteRunner.java:455)
	at org.testng.SuiteRunner.runSequentially(SuiteRunner.java:450)
	at org.testng.SuiteRunner.privateRun(SuiteRunner.java:415)
	at org.testng.SuiteRunner.run(SuiteRunner.java:364)
	at org.testng.SuiteRunnerWorker.runSuite(SuiteRunnerWorker.java:52)
	at org.testng.SuiteRunnerWorker.run(SuiteRunnerWorker.java:84)
	at org.testng.TestNG.runSuitesSequentially(TestNG.java:1187)
	at org.testng.TestNG.runSuitesLocally(TestNG.java:1116)
	at org.testng.TestNG.runSuites(TestNG.java:1028)
	at org.testng.TestNG.run(TestNG.java:996)
	at org.testng.remote.AbstractRemoteTestNG.run(AbstractRemoteTestNG.java:114)
	at org.testng.remote.RemoteTestNG.initAndRun(RemoteTestNG.java:251)
	at org.testng.remote.RemoteTestNG.main(RemoteTestNG.java:77)
</pre></div><a href='#' onClick='toggleBox("stack-trace1561502550", this, "Click to show all stack frames", "Click to hide stack frames")'>Click to show all stack frames</a>
<div class='stack-trace' id='stack-trace1561502550'><pre>org.openqa.selenium.NoSuchElementException: Unable to locate element: Register
For documentation on this error, please visit: http://seleniumhq.org/exceptions/no_such_element.html
Build info: version: &apos;3.7.1&apos;, revision: &apos;8a0099a&apos;, time: &apos;2017-11-06T21:07:31.527Z&apos;
System info: host: &apos;JULIA&apos;, ip: &apos;192.168.0.75&apos;, os.name: &apos;Windows 10&apos;, os.arch: &apos;amd64&apos;, os.version: &apos;10.0&apos;, java.version: &apos;1.8.0_151&apos;
Driver info: org.openqa.selenium.firefox.FirefoxDriver
Capabilities {acceptInsecureCerts: true, browserName: firefox, browserVersion: 54.0, javascriptEnabled: true, moz:accessibilityChecks: false, moz:processID: 6500, moz:profile: C:\Users\idilia\AppData\Loc..., pageLoadStrategy: normal, platform: XP, platformName: XP, platformVersion: 10.0, rotatable: false, specificationLevel: 0, timeouts: {implicit: 0, pageLoad: 300000, script: 30000}}
Session ID: f9174986-8960-4dfb-89e8-ade74e6ece76
*** Element info: {Using=link text, value=Register}
	at sun.reflect.GeneratedConstructorAccessor13.newInstance(Unknown Source)
	at sun.reflect.DelegatingConstructorAccessorImpl.newInstance(Unknown Source)
	at java.lang.reflect.Constructor.newInstance(Unknown Source)
	at org.openqa.selenium.remote.http.W3CHttpResponseCodec.createException(W3CHttpResponseCodec.java:187)
	at org.openqa.selenium.remote.http.W3CHttpResponseCodec.decode(W3CHttpResponseCodec.java:122)
	at org.openqa.selenium.remote.http.W3CHttpResponseCodec.decode(W3CHttpResponseCodec.java:49)
	at org.openqa.selenium.remote.HttpCommandExecutor.execute(HttpCommandExecutor.java:164)
	at org.openqa.selenium.remote.service.DriverCommandExecutor.execute(DriverCommandExecutor.java:83)
	at org.openqa.selenium.remote.RemoteWebDriver.execute(RemoteWebDriver.java:600)
	at org.openqa.selenium.remote.RemoteWebDriver.findElement(RemoteWebDriver.java:370)
	at org.openqa.selenium.remote.RemoteWebDriver.findElementByLinkText(RemoteWebDriver.java:424)
	at org.openqa.selenium.By$ByLinkText.findElement(By.java:246)
	at org.openqa.selenium.remote.RemoteWebDriver.findElement(RemoteWebDriver.java:362)
	at helper.Helper.makeRegister(Helper.java:42)
	at tests.Register.testRegistrationName(Register.java:64)
	at sun.reflect.GeneratedMethodAccessor1.invoke(Unknown Source)
	at sun.reflect.DelegatingMethodAccessorImpl.invoke(Unknown Source)
	at java.lang.reflect.Method.invoke(Unknown Source)
	at org.testng.internal.MethodInvocationHelper.invokeMethod(MethodInvocationHelper.java:124)
	at org.testng.internal.Invoker.invokeMethod(Invoker.java:571)
	at org.testng.internal.Invoker.invokeTestMethod(Invoker.java:707)
	at org.testng.internal.Invoker.invokeTestMethods(Invoker.java:979)
	at org.testng.internal.TestMethodWorker.invokeTestMethods(TestMethodWorker.java:125)
	at org.testng.internal.TestMethodWorker.run(TestMethodWorker.java:109)
	at org.testng.TestRunner.privateRun(TestRunner.java:648)
	at org.testng.TestRunner.run(TestRunner.java:505)
	at org.testng.SuiteRunner.runTest(SuiteRunner.java:455)
	at org.testng.SuiteRunner.runSequentially(SuiteRunner.java:450)
	at org.testng.SuiteRunner.privateRun(SuiteRunner.java:415)
	at org.testng.SuiteRunner.run(SuiteRunner.java:364)
	at org.testng.SuiteRunnerWorker.runSuite(SuiteRunnerWorker.java:52)
	at org.testng.SuiteRunnerWorker.run(SuiteRunnerWorker.java:84)
	at org.testng.TestNG.runSuitesSequentially(TestNG.java:1187)
	at org.testng.TestNG.runSuitesLocally(TestNG.java:1116)
	at org.testng.TestNG.runSuites(TestNG.java:1028)
	at org.testng.TestNG.run(TestNG.java:996)
	at org.testng.remote.AbstractRemoteTestNG.run(AbstractRemoteTestNG.java:114)
	at org.testng.remote.RemoteTestNG.initAndRun(RemoteTestNG.java:251)
	at org.testng.remote.RemoteTestNG.main(RemoteTestNG.java:77)
</pre></div></td>
<td>33</td>
<td>tests.Register@224edc67</td></tr>
</table><p>
<table width='100%' border='1' class='invocation-passed'>
<tr><td colspan='4' align='center'><b>PASSED TESTS</b></td></tr>
<tr><td><b>Test method</b></td>
<td width="30%"><b>Exception</b></td>
<td width="10%"><b>Time (seconds)</b></td>
<td><b>Instance</b></td>
</tr>
<tr>
<td title='tests.Register.testRegistrationForm()'><b>testRegistrationForm</b><br>Test class: tests.Register<br>Parameters: name1, 20180322141726-1714766657@mail.ru, 111111, 111111, 1</td>
<td></td>
<td>58</td>
<td>tests.Register@224edc67</td></tr>
<tr>
<td title='tests.Register.testRegistrationForm()'><b>testRegistrationForm</b><br>Test class: tests.Register<br>Parameters: name1, 201803221417261824201338@mail.ru, 111111, 111111, 1</td>
<td></td>
<td>58</td>
<td>tests.Register@224edc67</td></tr>
<tr>
<td title='tests.Register.testRegistrationForm()'><b>testRegistrationForm</b><br>Test class: tests.Register<br>Parameters: , 20180322141726-1444782353@mail.ru, 111111, 111111, 2</td>
<td></td>
<td>4</td>
<td>tests.Register@224edc67</td></tr>
<tr>
<td title='tests.Register.testRegistrationForm()'><b>testRegistrationForm</b><br>Test class: tests.Register<br>Parameters: name1, , 111111, 111111, 3</td>
<td></td>
<td>4</td>
<td>tests.Register@224edc67</td></tr>
<tr>
<td title='tests.Register.testRegistrationForm()'><b>testRegistrationForm</b><br>Test class: tests.Register<br>Parameters: name1, 20180322141726-276264268@mail.ru, , 111111, 4</td>
<td></td>
<td>4</td>
<td>tests.Register@224edc67</td></tr>
<tr>
<td title='tests.Register.testRegistrationForm()'><b>testRegistrationForm</b><br>Test class: tests.Register<br>Parameters: name1, 201803221417261731509919@mail.ru, 111111, , 5</td>
<td></td>
<td>4</td>
<td>tests.Register@224edc67</td></tr>
<tr>
<td title='tests.Register.testRegistrationName()'><b>testRegistrationName</b><br>Test class: tests.Register<br>Parameters: name, 20180322141941-1443578854@mail.ru, 111111, 111111, 1</td>
<td></td>
<td>58</td>
<td>tests.Register@224edc67</td></tr>
<tr>
<td title='tests.Register.testRegistrationName()'><b>testRegistrationName</b><br>Test class: tests.Register<br>Parameters: name, 201803221419411940245439@mail.ru, 111111, 111111, 1</td>
<td></td>
<td>57</td>
<td>tests.Register@224edc67</td></tr>
<tr>
<td title='tests.Register.testRegistrationName()'><b>testRegistrationName</b><br>Test class: tests.Register<br>Parameters: aaaaaaaaaaaaaaaaaaaaaaaaaaaaaaaaaaaaaaaaaaaaaaaaaaaaaaaaaaaaaaaaaaaaaaaaaaaaaaaaaaaaaaaaaaaaaaaaaaaaaaaaaaaaaaaaaaaaaaaaaaaaaaaaaaaaaaaaaaaaaaaaaaaaaaaaaaaaaaaaaaaaaaaaaaaaaaaaaaaaaaaaaaaaaaaaaaaaaaaaaaaaaaaaaaaaaaaaaaaaaaaaaaaaaaaaaaaaaaaaaaaaaaaaaaaaaaaa, 20180322141941167541142@mail.ru, 111111, 111111, 2</td>
<td></td>
<td>5</td>
<td>tests.Register@224edc67</td></tr>
<tr>
<td title='tests.Register.testRegistrationName()'><b>testRegistrationName</b><br>Test class: tests.Register<br>Parameters:  ~`!@#$%^&*()_+{}:"<>?, 20180322141941-1396756215@mail.ru, 111111, 111111, 3</td>
<td></td>
<td>59</td>
<td>tests.Register@224edc67</td></tr>
<tr>
<td title='tests.Register.testRegistrationName()'><b>testRegistrationName</b><br>Test class: tests.Register<br>Parameters:  Petya, 20180322141941-1788561292@mail.ru, 111111, 111111, 3</td>
<td></td>
<td>61</td>
<td>tests.Register@224edc67</td></tr>
<tr>
<td title='tests.Register.testRegistrationName()'><b>testRegistrationName</b><br>Test class: tests.Register<br>Parameters: Vasya, 20180322141941411324936@mail.ru, 111111, 111111, 3</td>
<td></td>
<td>59</td>
<td>tests.Register@224edc67</td></tr>
<tr>
<td title='tests.Register.testRegistrationName()'><b>testRegistrationName</b><br>Test class: tests.Register<br>Parameters: –?–≤–∞–Ω –?–≤–∞–Ω–æ–≤–∏—á, 20180322141941-491705652@mail.ru, 111111, 111111, 3</td>
<td></td>
<td>58</td>
<td>tests.Register@224edc67</td></tr>
<tr>
<td title='tests.Register.testRegistrationName()'><b>testRegistrationName</b><br>Test class: tests.Register<br>Parameters: –í–∞—Å—è, 201803221419411026039295@mail.ru, 111111, 111111, 3</td>
<td></td>
<td>61</td>
<td>tests.Register@224edc67</td></tr>
<tr>
<td title='tests.Register.testRegistrationName()'><b>testRegistrationName</b><br>Test class: tests.Register<br>Parameters: –?–≤–∞–Ω –í–∞—Å–∏–ª—å–µ–≤–∏—á, 20180322141941275553080@mail.ru, 111111, 111111, 3</td>
<td></td>
<td>57</td>
<td>tests.Register@224edc67</td></tr>
<tr>
<td title='tests.Register.testRegistrationName()'><b>testRegistrationName</b><br>Test class: tests.Register<br>Parameters: –?–≤–∞–Ω          –í–∞—Å–∏–ª—å–µ–≤–∏—á, 20180322141941538011211@mail.ru, 111111, 111111, 3</td>
<td></td>
<td>58</td>
<td>tests.Register@224edc67</td></tr>
<tr>
<td title='tests.Register.testRegistrationName()'><b>testRegistrationName</b><br>Test class: tests.Register<br>Parameters: –õ–µ–Ω–∞, 20180322141941-1020209604@mail.ru, 111111, 111111, 3</td>
<td></td>
<td>63</td>
<td>tests.Register@224edc67</td></tr>
<tr>
<td title='tests.Register.testRegistrationName()'><b>testRegistrationName</b><br>Test class: tests.Register<br>Parameters: –?–≤–∞–Ω, 20180322141941447843166@mail.ru, 111111, 111111, 3</td>
<td></td>
<td>55</td>
<td>tests.Register@224edc67</td></tr>
<tr>
<td title='tests.Register.testRegistrationName()'><b>testRegistrationName</b><br>Test class: tests.Register<br>Parameters: –û–ª—å–≥–∞, 20180322141941856464589@mail.ru, 111111, 111111, 3</td>
<td></td>
<td>59</td>
<td>tests.Register@224edc67</td></tr>
<tr>
<td title='tests.Register.testRegistrationName()'><b>testRegistrationName</b><br>Test class: tests.Register<br>Parameters: Alex, 20180322141941-1384102149@mail.ru, 111111, 111111, 3</td>
<td></td>
<td>61</td>
<td>tests.Register@224edc67</td></tr>
<tr>
<td title='tests.Register.testRegistrationName()'><b>testRegistrationName</b><br>Test class: tests.Register<br>Parameters: –ê–ª–µ–∫—Å–∞–Ω–¥—Ä, 20180322141941657160527@mail.ru, 111111, 111111, 3</td>
<td></td>
<td>60</td>
<td>tests.Register@224edc67</td></tr>
<tr>
<td title='tests.Register.testRegistrationName()'><b>testRegistrationName</b><br>Test class: tests.Register<br>Parameters: –°–∞—à–∞, 20180322141941148673957@mail.ru, 111111, 111111, 3</td>
<td></td>
<td>60</td>
<td>tests.Register@224edc67</td></tr>
<tr>
<td title='tests.Register.testRegistrationName()'><b>testRegistrationName</b><br>Test class: tests.Register<br>Parameters: –ê–ª–µ–∫—Å–∞–Ω–¥—Ä–∞, 20180322141941-1637039579@mail.ru, 111111, 111111, 3</td>
<td></td>
<td>58</td>
<td>tests.Register@224edc67</td></tr>
<tr>
<td title='tests.Register.testRegistrationName()'><b>testRegistrationName</b><br>Test class: tests.Register<br>Parameters: –û–ª–µ—Å—è, 20180322141941-932014644@mail.ru, 111111, 111111, 3</td>
<td></td>
<td>58</td>
<td>tests.Register@224edc67</td></tr>
<tr>
<td title='tests.Register.testRegistrationName()'><b>testRegistrationName</b><br>Test class: tests.Register<br>Parameters: –ê–Ω–Ω–∞-–ú–∞—Ä–∏—è, 201803221419412080452963@mail.ru, 111111, 111111, 3</td>
<td></td>
<td>59</td>
<td>tests.Register@224edc67</td></tr>
<tr>
<td title='tests.Register.testRegistrationName()'><b>testRegistrationName</b><br>Test class: tests.Register<br>Parameters: –ï–≤–∞, 201803221419411494411768@mail.ru, 111111, 111111, 3</td>
<td></td>
<td>62</td>
<td>tests.Register@224edc67</td></tr>
<tr>
<td title='tests.Register.testRegistrationName()'><b>testRegistrationName</b><br>Test class: tests.Register<br>Parameters: –ê–ø–ø–æ–ª–∏–Ω–∞—Ä–∏—è, 20180322141941-618035291@mail.ru, 111111, 111111, 3</td>
<td></td>
<td>61</td>
<td>tests.Register@224edc67</td></tr>
<tr>
<td title='tests.Register.testRegistrationName()'><b>testRegistrationName</b><br>Test class: tests.Register<br>Parameters: –ê–π–≥—É–ª—å, 201803221419411079075522@mail.ru, 111111, 111111, 3</td>
<td></td>
<td>59</td>
<td>tests.Register@224edc67</td></tr>
<tr>
<td title='tests.Register.testRegistrationName()'><b>testRegistrationName</b><br>Test class: tests.Register<br>Parameters: Olga, 20180322141941-1894855629@mail.ru, 111111, 111111, 3</td>
<td></td>
<td>58</td>
<td>tests.Register@224edc67</td></tr>
<tr>
<td title='tests.Register.testRegistrationName()'><b>testRegistrationName</b><br>Test class: tests.Register<br>Parameters: Yfnfkmz, 20180322141941143376194@mail.ru, 111111, 111111, 3</td>
<td></td>
<td>58</td>
<td>tests.Register@224edc67</td></tr>
<tr>
<td title='tests.Register.testRegistrationName()'><b>testRegistrationName</b><br>Test class: tests.Register<br>Parameters: –ù–∞—Ç–∞–ª–∏—è, 201803221419411646661945@mail.ru, 111111, 111111, 3</td>
<td></td>
<td>60</td>
<td>tests.Register@224edc67</td></tr>
<tr>
<td title='tests.Register.testRegistrationName()'><b>testRegistrationName</b><br>Test class: tests.Register<br>Parameters: –ù–∞—Ç–∞–ª—å—è, 20180322141941-278626751@mail.ru, 111111, 111111, 3</td>
<td></td>
<td>59</td>
<td>tests.Register@224edc67</td></tr>
<tr>
<td title='tests.Register.testRegistrationName()'><b>testRegistrationName</b><br>Test class: tests.Register<br>Parameters: –ü–µ—Ç—Ä, 20180322141941-2127623877@mail.ru, 111111, 111111, 3</td>
<td></td>
<td>59</td>
<td>tests.Register@224edc67</td></tr>
<tr>
<td title='tests.Register.testRegistrationName()'><b>testRegistrationName</b><br>Test class: tests.Register<br>Parameters: –ü—ë—Ç—Ä, 201803221419411933445236@mail.ru, 111111, 111111, 3</td>
<td></td>
<td>61</td>
<td>tests.Register@224edc67</td></tr>
<tr>
<td title='tests.Register.testRegistrationName()'><b>testRegistrationName</b><br>Test class: tests.Register<br>Parameters: –ö–∏—Å–µ–ª–µ–≤–∞, 20180322141941-512286236@mail.ru, 111111, 111111, 3</td>
<td></td>
<td>51</td>
<td>tests.Register@224edc67</td></tr>
<tr>
<td title='tests.Register.testRegistrationName()'><b>testRegistrationName</b><br>Test class: tests.Register<br>Parameters: –ú–∞—Ä–º–µ–ª–∞–¥–æ–≤–∞ –û–ª—å–≥–∞ –°–µ—Ä–≥–µ–µ–≤–Ω–∞, 20180322141941746145591@mail.ru, 111111, 111111, 3</td>
<td></td>
<td>57</td>
<td>tests.Register@224edc67</td></tr>
<tr>
<td title='tests.Register.testRegistrationName()'><b>testRegistrationName</b><br>Test class: tests.Register<br>Parameters: –ú–∞—Ä–∏–ê, 20180322141941178068269@mail.ru, 111111, 111111, 3</td>
<td></td>
<td>50</td>
<td>tests.Register@224edc67</td></tr>
</table><p>
</body>
</html>