<?xml version="1.0" encoding="UTF-8"?>
<testng-results skipped="0" failed="0" ignored="0" total="2" passed="2">
  <reporter-output>
  </reporter-output>
  <suite name="Default suite" duration-ms="37413" started-at="2018-03-22T15:21:35Z" finished-at="2018-03-22T15:22:12Z">
    <groups>
    </groups>
    <test name="Default test" duration-ms="37413" started-at="2018-03-22T15:21:35Z" finished-at="2018-03-22T15:22:12Z">
      <class name="tests.Map">
        <test-method status="PASS" signature="setUp()[pri:0, instance:tests.Map@4c70fda8]" name="setUp" is-config="true" duration-ms="3259" started-at="2018-03-22T18:21:35Z" finished-at="2018-03-22T18:21:38Z">
          <reporter-output>
          </reporter-output>
        </test-method> <!-- setUp -->
        <test-method status="PASS" signature="testMapWithRegistration()[pri:0, instance:tests.Map@4c70fda8]" name="testMapWithRegistration" duration-ms="22235" started-at="2018-03-22T18:21:38Z" finished-at="2018-03-22T18:22:00Z">
          <reporter-output>
          </reporter-output>
        </test-method> <!-- testMapWithRegistration -->
        <test-method status="PASS" signature="testMapWithoutRegistration()[pri:0, instance:tests.Map@4c70fda8]" name="testMapWithoutRegistration" duration-ms="11578" started-at="2018-03-22T18:22:00Z" finished-at="2018-03-22T18:22:12Z">
          <reporter-output>
          </reporter-output>
        </test-method> <!-- testMapWithoutRegistration -->
        <test-method status="PASS" signature="tearDown()[pri:0, instance:tests.Map@4c70fda8]" name="tearDown" is-config="true" duration-ms="315" started-at="2018-03-22T18:22:12Z" finished-at="2018-03-22T18:22:12Z">
          <reporter-output>
          </reporter-output>
        </test-method> <!-- tearDown -->
      </class> <!-- tests.Map -->
    </test> <!-- Default test -->
  </suite> <!-- Default suite -->
</testng-results>
